<?xml version="1.0" encoding="UTF-8"?>
<testng-results ignored="0" total="1" passed="0" failed="1" skipped="0">
  <reporter-output>
  </reporter-output>
  <suite started-at="2020-05-20T10:47:53 EET" name="Default suite" finished-at="2020-05-20T10:48:37 EET" duration-ms="43907">
    <groups>
    </groups>
    <test started-at="2020-05-20T10:47:53 EET" name="Default test" finished-at="2020-05-20T10:48:37 EET" duration-ms="43907">
      <class name="appiumTest.epiasMobileProject">
        <test-method is-config="true" signature="setUp()[pri:0, instance:appiumTest.epiasMobileProject@2ddc8ecb]" started-at="2020-05-20T10:47:53 EET" name="setUp" finished-at="2020-05-20T10:48:13 EET" duration-ms="20133" status="PASS">
          <reporter-output>
          </reporter-output>
        </test-method> <!-- setUp -->
        <test-method signature="testCal()[pri:0, instance:appiumTest.epiasMobileProject@2ddc8ecb]" started-at="2020-05-20T10:48:13 EET" name="testCal" finished-at="2020-05-20T10:48:37 EET" duration-ms="23718" status="FAIL">
          <exception class="org.openqa.selenium.NoSuchElementException">
            <message>
              <![CDATA[An element could not be located on the page using the given search parameters.
For documentation on this error, please visit: https://www.seleniumhq.org/exceptions/no_such_element.html
Build info: version: '3.141.59', revision: 'e82be7d358', time: '2018-11-14T08:17:03'
System info: host: 'YAVUZKACAN', ip: '192.168.1.32', os.name: 'Windows 10', os.arch: 'amd64', os.version: '10.0', java.version: '13.0.2'
Driver info: io.appium.java_client.AppiumDriver
Capabilities {appActivity: com.foreks.android.epias.vi..., appPackage: com.foreks.android.epias, automationName: UiAutomator2, databaseEnabled: false, desired: {appActivity: com.foreks.android.epias.vi..., appPackage: com.foreks.android.epias, automationName: UiAutomator2, deviceName: SM-N910C, platformName: android, platformVersion: 6.0.1, udid: 41000e2ff259122d}, deviceApiLevel: 23, deviceManufacturer: samsung, deviceModel: SM-N910C, deviceName: 41000e2ff259122d, deviceScreenDensity: 640, deviceScreenSize: 1440x2560, deviceUDID: 41000e2ff259122d, javascriptEnabled: true, locationContextEnabled: false, networkConnectionEnabled: true, pixelRatio: 4, platform: LINUX, platformName: Android, platformVersion: 6.0.1, statBarHeight: 96, takesScreenshot: true, udid: 41000e2ff259122d, viewportRect: {height: 2464, left: 0, top: 96, width: 1440}, warnings: {}, webStorageEnabled: false}
Session ID: 9cd43bab-6d39-44df-8c5e-47caf528c44c
*** Element info: {Using=xpath, value=/hierarchy/android.widget.FrameLayout/android.widget.FrameLayout/android.widget.LinearLayout/android.widget.FrameLayout/android.widget.LinearLayout/android.widget.FrameLayout/android.widget.RelativeLayout/android.widget.ScrollView/android.widget.LinearLayout/android.widget.LinearLayout/android.widget.LinearLayout[2]/android.widget.LinearLayout/android.widget.LinearLayout/android.widget.LinearLayout/android.widget.LinearLayout/android.widget.EditText
}]]>
            </message>
            <full-stacktrace>
              <![CDATA[org.openqa.selenium.NoSuchElementException: An element could not be located on the page using the given search parameters.
For documentation on this error, please visit: https://www.seleniumhq.org/exceptions/no_such_element.html
Build info: version: '3.141.59', revision: 'e82be7d358', time: '2018-11-14T08:17:03'
System info: host: 'YAVUZKACAN', ip: '192.168.1.32', os.name: 'Windows 10', os.arch: 'amd64', os.version: '10.0', java.version: '13.0.2'
Driver info: io.appium.java_client.AppiumDriver
Capabilities {appActivity: com.foreks.android.epias.vi..., appPackage: com.foreks.android.epias, automationName: UiAutomator2, databaseEnabled: false, desired: {appActivity: com.foreks.android.epias.vi..., appPackage: com.foreks.android.epias, automationName: UiAutomator2, deviceName: SM-N910C, platformName: android, platformVersion: 6.0.1, udid: 41000e2ff259122d}, deviceApiLevel: 23, deviceManufacturer: samsung, deviceModel: SM-N910C, deviceName: 41000e2ff259122d, deviceScreenDensity: 640, deviceScreenSize: 1440x2560, deviceUDID: 41000e2ff259122d, javascriptEnabled: true, locationContextEnabled: false, networkConnectionEnabled: true, pixelRatio: 4, platform: LINUX, platformName: Android, platformVersion: 6.0.1, statBarHeight: 96, takesScreenshot: true, udid: 41000e2ff259122d, viewportRect: {height: 2464, left: 0, top: 96, width: 1440}, warnings: {}, webStorageEnabled: false}
Session ID: 9cd43bab-6d39-44df-8c5e-47caf528c44c
*** Element info: {Using=xpath, value=/hierarchy/android.widget.FrameLayout/android.widget.FrameLayout/android.widget.LinearLayout/android.widget.FrameLayout/android.widget.LinearLayout/android.widget.FrameLayout/android.widget.RelativeLayout/android.widget.ScrollView/android.widget.LinearLayout/android.widget.LinearLayout/android.widget.LinearLayout[2]/android.widget.LinearLayout/android.widget.LinearLayout/android.widget.LinearLayout/android.widget.LinearLayout/android.widget.EditText
}
at java.base/jdk.internal.reflect.NativeConstructorAccessorImpl.newInstance0(Native Method)
at java.base/jdk.internal.reflect.NativeConstructorAccessorImpl.newInstance(NativeConstructorAccessorImpl.java:62)
at java.base/jdk.internal.reflect.DelegatingConstructorAccessorImpl.newInstance(DelegatingConstructorAccessorImpl.java:45)
at java.base/java.lang.reflect.Constructor.newInstanceWithCaller(Constructor.java:500)
at java.base/java.lang.reflect.Constructor.newInstance(Constructor.java:481)
at org.openqa.selenium.remote.http.W3CHttpResponseCodec.createException(W3CHttpResponseCodec.java:187)
at org.openqa.selenium.remote.http.W3CHttpResponseCodec.decode(W3CHttpResponseCodec.java:122)
at org.openqa.selenium.remote.http.W3CHttpResponseCodec.decode(W3CHttpResponseCodec.java:49)
at org.openqa.selenium.remote.HttpCommandExecutor.execute(HttpCommandExecutor.java:158)
at io.appium.java_client.remote.AppiumCommandExecutor.execute(AppiumCommandExecutor.java:239)
at org.openqa.selenium.remote.RemoteWebDriver.execute(RemoteWebDriver.java:552)
at io.appium.java_client.DefaultGenericMobileDriver.execute(DefaultGenericMobileDriver.java:41)
at io.appium.java_client.AppiumDriver.execute(AppiumDriver.java:1)
at org.openqa.selenium.remote.RemoteWebDriver.findElement(RemoteWebDriver.java:323)
at io.appium.java_client.DefaultGenericMobileDriver.findElement(DefaultGenericMobileDriver.java:61)
at io.appium.java_client.AppiumDriver.findElement(AppiumDriver.java:1)
at org.openqa.selenium.remote.RemoteWebDriver.findElementByXPath(RemoteWebDriver.java:428)
at io.appium.java_client.DefaultGenericMobileDriver.findElementByXPath(DefaultGenericMobileDriver.java:151)
at io.appium.java_client.AppiumDriver.findElementByXPath(AppiumDriver.java:1)
at org.openqa.selenium.By$ByXPath.findElement(By.java:353)
at org.openqa.selenium.remote.RemoteWebDriver.findElement(RemoteWebDriver.java:315)
at io.appium.java_client.DefaultGenericMobileDriver.findElement(DefaultGenericMobileDriver.java:57)
at io.appium.java_client.AppiumDriver.findElement(AppiumDriver.java:1)
at appiumTest.epiasMobileProject.testCal(epiasMobileProject.java:72)
at java.base/jdk.internal.reflect.NativeMethodAccessorImpl.invoke0(Native Method)
at java.base/jdk.internal.reflect.NativeMethodAccessorImpl.invoke(NativeMethodAccessorImpl.java:62)
at java.base/jdk.internal.reflect.DelegatingMethodAccessorImpl.invoke(DelegatingMethodAccessorImpl.java:43)
at java.base/java.lang.reflect.Method.invoke(Method.java:567)
at org.testng.internal.MethodInvocationHelper.invokeMethod(MethodInvocationHelper.java:135)
at org.testng.internal.TestInvoker.invokeMethod(TestInvoker.java:598)
at org.testng.internal.TestInvoker.invokeTestMethod(TestInvoker.java:174)
at org.testng.internal.MethodRunner.runInSequence(MethodRunner.java:46)
at org.testng.internal.TestInvoker$MethodInvocationAgent.invoke(TestInvoker.java:821)
at org.testng.internal.TestInvoker.invokeTestMethods(TestInvoker.java:147)
at org.testng.internal.TestMethodWorker.invokeTestMethods(TestMethodWorker.java:146)
at org.testng.internal.TestMethodWorker.run(TestMethodWorker.java:128)
at java.base/java.util.ArrayList.forEach(ArrayList.java:1507)
at org.testng.TestRunner.privateRun(TestRunner.java:767)
at org.testng.TestRunner.run(TestRunner.java:588)
at org.testng.SuiteRunner.runTest(SuiteRunner.java:384)
at org.testng.SuiteRunner.runSequentially(SuiteRunner.java:378)
at org.testng.SuiteRunner.privateRun(SuiteRunner.java:337)
at org.testng.SuiteRunner.run(SuiteRunner.java:286)
at org.testng.SuiteRunnerWorker.runSuite(SuiteRunnerWorker.java:53)
at org.testng.SuiteRunnerWorker.run(SuiteRunnerWorker.java:96)
at org.testng.TestNG.runSuitesSequentially(TestNG.java:1214)
at org.testng.TestNG.runSuitesLocally(TestNG.java:1136)
at org.testng.TestNG.runSuites(TestNG.java:1066)
at org.testng.TestNG.run(TestNG.java:1034)
at org.testng.remote.AbstractRemoteTestNG.run(AbstractRemoteTestNG.java:115)
at org.testng.remote.RemoteTestNG.initAndRun(RemoteTestNG.java:251)
at org.testng.remote.RemoteTestNG.main(RemoteTestNG.java:77)
]]>
            </full-stacktrace>
          </exception> <!-- org.openqa.selenium.NoSuchElementException -->
          <reporter-output>
          </reporter-output>
        </test-method> <!-- testCal -->
      </class> <!-- appiumTest.epiasMobileProject -->
    </test> <!-- Default test -->
  </suite> <!-- Default suite -->
</testng-results>
